100::1421925280105::19920116::048-04830210-0006170379-1::课程介绍.pdf::1::1280::Mozilla/5.0 (Macintosh; Intel Mac OS X 10_10_1) AppleWebKit/537.36 (KHTML, like Gecko) Chrome/39.0.2171.99 Safari/537.36
110::1421925280199::19920116::048-04830210-0006170379-1::课程介绍.pdf::2::0
110::1421925292715::19920116::048-04830210-0006170379-1::课程介绍.pdf::1::3
200::1421925301715::19920116::048-04830210-0006170379-1::课程介绍.pdf::1::2::19920116::zailai::0::sample related content::sample clickNum::0::0::0::0
200::1421925367049::19920116::048-04830210-0006170379-1::课程介绍.pdf::1::0::19920116::qqqqqq::0::sample related content::sample clickNum::0::0::0::0
100::1421989762599::19920116::048-04830210-0006170379-1::软件过程(1)-20140227.pdf::1::1280::Mozilla/5.0 (Macintosh; Intel Mac OS X 10_10_1) AppleWebKit/537.36 (KHTML, like Gecko) Chrome/39.0.2171.99 Safari/537.36
100::1421989793086::19920116::048-04830210-0006170379-1::课程介绍.pdf::1::1280::Mozilla/5.0 (Macintosh; Intel Mac OS X 10_10_1) AppleWebKit/537.36 (KHTML, like Gecko) Chrome/39.0.2171.99 Safari/537.36
110::1421989793214::19920116::048-04830210-0006170379-1::课程介绍.pdf::1::3
200::1421989799589::19920116::048-04830210-0006170379-1::课程介绍.pdf::1::2::19920116::zailai::0::sample related content::sample clickNum::0::0::0::0
210::1421989801701::19920116::048-04830210-0006170379-1::课程介绍.pdf::1::2::19920116::zailai::0::undefined::undefined::0::0::0::0
100::1421990408004::19920116::048-04830210-0006170379-1::课程介绍.pdf::1::1280::Mozilla/5.0 (Macintosh; Intel Mac OS X 10_10_1) AppleWebKit/537.36 (KHTML, like Gecko) Chrome/39.0.2171.99 Safari/537.36
110::1421990408169::19920116::048-04830210-0006170379-1::课程介绍.pdf::1::3
200::1421990409611::19920116::048-04830210-0006170379-1::课程介绍.pdf::1::2::19920116::zailai::0::sample related content::sample clickNum::1::0::0::0
100::1421990791850::19920116::048-04830210-0006170379-1::课程介绍.pdf::1::1280::Mozilla/5.0 (Macintosh; Intel Mac OS X 10_10_1) AppleWebKit/537.36 (KHTML, like Gecko) Chrome/39.0.2171.99 Safari/537.36
110::1421990792014::19920116::048-04830210-0006170379-1::课程介绍.pdf::1::3
121::1421990836252::19920116::048-04830210-0006170379-1::课程介绍.pdf::1
120::1421990846653::19920116::048-04830210-0006170379-1::课程介绍.pdf::1
200::1421990851969::19920116::048-04830210-0006170379-1::课程介绍.pdf::1::2::19920116::zailai::0::sample related content::sample clickNum::1::0::0::0
210::1421990890701::19920116::048-04830210-0006170379-1::课程介绍.pdf::1::2::19920116::zailai::0::undefined::undefined::1::0::0::0
210::1421990905933::19920116::048-04830210-0006170379-1::课程介绍.pdf::1::2::19920116::zailai::0::undefined::undefined::1::0::0::0
211::1421990971162::19920116::048-04830210-0006170379-1::课程介绍.pdf::1::2::19920116::zailai::0::undefined::undefined::1::0::0::0
200::1421994748260::19920116::048-04830210-0006170379-1::课程介绍.pdf::1::2::19920116::zailai::0::sample related content::sample clickNum::2::0::0::0
100::1421994810009::19920116::048-04830210-0006170379-1::课程介绍.pdf::1::1280::Mozilla/5.0 (Macintosh; Intel Mac OS X 10_10_1) AppleWebKit/537.36 (KHTML, like Gecko) Chrome/39.0.2171.99 Safari/537.36
110::1421994810133::19920116::048-04830210-0006170379-1::课程介绍.pdf::1::3
200::1421994891055::19920116::048-04830210-0006170379-1::课程介绍.pdf::1::2::19920116::zailai::0::sample related content::sample clickNum::2::1::0::0
100::1421994947032::19920116::048-04830210-0006170379-1::课程介绍.pdf::1::1280::Mozilla/5.0 (Macintosh; Intel Mac OS X 10_10_1) AppleWebKit/537.36 (KHTML, like Gecko) Chrome/39.0.2171.99 Safari/537.36
110::1421994947157::19920116::048-04830210-0006170379-1::课程介绍.pdf::1::3
200::1421994952400::19920116::048-04830210-0006170379-1::课程介绍.pdf::1::2::19920116::zailai::0::sample related content::sample clickNum::2::1::0::0
100::1421995848593::19920116::048-04830210-0006170379-1::课程介绍.pdf::1::1280::Mozilla/5.0 (Macintosh; Intel Mac OS X 10_10_1) AppleWebKit/537.36 (KHTML, like Gecko) Chrome/39.0.2171.99 Safari/537.36
110::1421995848754::19920116::048-04830210-0006170379-1::课程介绍.pdf::1::3
200::1421995856989::19920116::048-04830210-0006170379-1::课程介绍.pdf::1::2::19920116::zailai::0::sample related content::sample clickNum::2::0::0::0
220::1421995868926::19920116::048-04830210-0006170379-1::课程介绍.pdf::1::2::19920116::zailai::0::undefined::undefined::2::0::0::0
221::1421995872343::19920116::048-04830210-0006170379-1::课程介绍.pdf::1::2::19920116::zailai::0::undefined::undefined::2::0::0::0
230::1421995885750::19920116::048-04830210-0006170379-1::课程介绍.pdf::1::2::19920116::zailai::0::undefined::undefined::2::0::0::0
231::1421995886557::19920116::048-04830210-0006170379-1::课程介绍.pdf::1::2::19920116::zailai::0::undefined::undefined::2::0::0::0
240::1421995893111::19920116::048-04830210-0006170379-1::课程介绍.pdf::1::2::19920116::zailai::0::undefined::undefined::2::0::0::0
241::1421995893772::19920116::048-04830210-0006170379-1::课程介绍.pdf::1::2::19920116::zailai::0::undefined::undefined::2::0::0::0
200::1421996705825::19920116::048-04830210-0006170379-1::课程介绍.pdf::1::2::19920116::zailai::0::sample related content::sample clickNum::2::0::0::0
200::1421996707951::19920116::048-04830210-0006170379-1::课程介绍.pdf::1::2::19920116::zailai::0::sample related content::sample clickNum::2::0::0::0
200::1421996709631::19920116::048-04830210-0006170379-1::课程介绍.pdf::1::2::19920116::zailai::0::sample related content::sample clickNum::2::0::0::0
200::1421996712343::19920116::048-04830210-0006170379-1::课程介绍.pdf::1::2::19920116::zailai::0::sample related content::sample clickNum::2::0::0::0
200::1421996714484::19920116::048-04830210-0006170379-1::课程介绍.pdf::1::2::19920116::zailai::0::sample related content::sample clickNum::2::0::0::0
200::1421996727102::19920116::048-04830210-0006170379-1::课程介绍.pdf::1::2::19920116::zailai::0::sample related content::sample clickNum::2::0::0::0
100::1421996752195::19920116::048-04830210-0006170379-1::课程介绍.pdf::1::1280::Mozilla/5.0 (Macintosh; Intel Mac OS X 10_10_1) AppleWebKit/537.36 (KHTML, like Gecko) Chrome/39.0.2171.99 Safari/537.36
110::1421996752306::19920116::048-04830210-0006170379-1::课程介绍.pdf::1::3
100::1421997480207::19920116::048-04830210-0006170379-1::课程介绍.pdf::1::1280::Mozilla/5.0 (Macintosh; Intel Mac OS X 10_10_1) AppleWebKit/537.36 (KHTML, like Gecko) Chrome/39.0.2171.99 Safari/537.36
110::1421997480326::19920116::048-04830210-0006170379-1::课程介绍.pdf::1::3
200::1421997483192::19920116::048-04830210-0006170379-1::课程介绍.pdf::1::2::19920116::zailai::0::sample related content::sample clickNum::2::0::0::0
100::1421997604864::19920116::048-04830210-0006170379-1::课程介绍.pdf::1::1280::Mozilla/5.0 (Macintosh; Intel Mac OS X 10_10_1) AppleWebKit/537.36 (KHTML, like Gecko) Chrome/39.0.2171.99 Safari/537.36
110::1421997605021::19920116::048-04830210-0006170379-1::课程介绍.pdf::1::3
200::1421997605681::19920116::048-04830210-0006170379-1::课程介绍.pdf::1::2::19920116::zailai::0::sample related content::sample clickNum::2::0::0::0
100::1421997765755::19920116::048-04830210-0006170379-1::课程介绍.pdf::1::1280::Mozilla/5.0 (Macintosh; Intel Mac OS X 10_10_1) AppleWebKit/537.36 (KHTML, like Gecko) Chrome/39.0.2171.99 Safari/537.36
110::1421997765888::19920116::048-04830210-0006170379-1::课程介绍.pdf::1::3
200::1421997768553::19920116::048-04830210-0006170379-1::课程介绍.pdf::1::2::19920116::zailai::0::sample related content::sample clickNum::2::0::0::0
100::1421997844786::19920116::048-04830210-0006170379-1::课程介绍.pdf::1::1280::Mozilla/5.0 (Macintosh; Intel Mac OS X 10_10_1) AppleWebKit/537.36 (KHTML, like Gecko) Chrome/39.0.2171.99 Safari/537.36
110::1421997844833::19920116::048-04830210-0006170379-1::课程介绍.pdf::1::3
100::1421998987863::19920116::048-04830210-0006170379-1::课程介绍.pdf::1::1280::Mozilla/5.0 (Macintosh; Intel Mac OS X 10_10_1) AppleWebKit/537.36 (KHTML, like Gecko) Chrome/39.0.2171.99 Safari/537.36
110::1421998988022::19920116::048-04830210-0006170379-1::课程介绍.pdf::1::3
200::1421998990916::19920116::048-04830210-0006170379-1::课程介绍.pdf::1::2::19920116::zailai::0::sample related content::sample clickNum::2::0::0::0
100::1421999044592::19920116::048-04830210-0006170379-1::课程介绍.pdf::1::1280::Mozilla/5.0 (Macintosh; Intel Mac OS X 10_10_1) AppleWebKit/537.36 (KHTML, like Gecko) Chrome/39.0.2171.99 Safari/537.36
110::1421999044745::19920116::048-04830210-0006170379-1::课程介绍.pdf::1::3
200::1421999045951::19920116::048-04830210-0006170379-1::课程介绍.pdf::1::2::19920116::zailai::0::sample related content::sample clickNum::2::0::0::0
200::1421999049456::19920116::048-04830210-0006170379-1::课程介绍.pdf::1::2::19920116::zailai::0::sample related content::sample clickNum::2::0::0::0
100::1421999124676::19920116::048-04830210-0006170379-1::课程介绍.pdf::1::1280::Mozilla/5.0 (Macintosh; Intel Mac OS X 10_10_1) AppleWebKit/537.36 (KHTML, like Gecko) Chrome/39.0.2171.99 Safari/537.36
110::1421999124775::19920116::048-04830210-0006170379-1::课程介绍.pdf::1::3
200::1421999138102::19920116::048-04830210-0006170379-1::课程介绍.pdf::1::2::19920116::zailai::0::sample related content::sample clickNum::2::0::0::0
300::1421999145539::19920116::048-04830210-0006170379-1::课程介绍.pdf::1::19920116::2::19920116::zailai::0::undefined::undefined::2::0::0::0
110::1421999280388::19920116::048-04830210-0006170379-1::课程介绍.pdf::2::0
121::1422000057688::19920116::048-04830210-0006170379-1::课程介绍.pdf::2
100::1422000570619::19920116::048-04830210-0006170379-1::课程介绍.pdf::0::1280::Mozilla/5.0 (Macintosh; Intel Mac OS X 10_10_1) AppleWebKit/537.36 (KHTML, like Gecko) Chrome/39.0.2171.99 Safari/537.36
110::1422000570857::19920116::048-04830210-0006170379-1::课程介绍.pdf::2::1
110::1422000570892::19920116::048-04830210-0006170379-1::课程介绍.pdf::1::3
110::1422000635557::19920116::048-04830210-0006170379-1::课程介绍.pdf::1::3
110::1422000636154::19920116::048-04830210-0006170379-1::课程介绍.pdf::2::1
110::1422000636390::19920116::048-04830210-0006170379-1::课程介绍.pdf::3::0
110::1422000637393::19920116::048-04830210-0006170379-1::课程介绍.pdf::2::1
100::1422000690346::19920116::048-04830210-0006170379-1::课程介绍.pdf::0::1280::Mozilla/5.0 (Macintosh; Intel Mac OS X 10_10_1) AppleWebKit/537.36 (KHTML, like Gecko) Chrome/39.0.2171.99 Safari/537.36
110::1422000690476::19920116::048-04830210-0006170379-1::课程介绍.pdf::2::1
100::1422001058234::19920116::048-04830210-0006170379-1::课程介绍.pdf::0::1280::Mozilla/5.0 (Macintosh; Intel Mac OS X 10_10_1) AppleWebKit/537.36 (KHTML, like Gecko) Chrome/39.0.2171.99 Safari/537.36
110::1422001058474::19920116::048-04830210-0006170379-1::课程介绍.pdf::2::1
400::1422001083843::19920116::048-04830210-0006170379-1::课程介绍.pdf::2::目的
100::1422001235418::19920116::048-04830210-0006170379-1::课程介绍.pdf::0::1280::Mozilla/5.0 (Macintosh; Intel Mac OS X 10_10_1) AppleWebKit/537.36 (KHTML, like Gecko) Chrome/39.0.2171.99 Safari/537.36
110::1422001235656::19920116::048-04830210-0006170379-1::课程介绍.pdf::2::1
400::1422001241035::19920116::048-04830210-0006170379-1::课程介绍.pdf::2::目的
400::1422001343310::19920116::048-04830210-0006170379-1::课程介绍.pdf::2::目的
400::1422001376852::19920116::048-04830210-0006170379-1::课程介绍.pdf::2::方法
400::1422002090533::19920116::048-04830210-0006170379-1::课程介绍.pdf::2
120::1422002968004::19920116::048-04830210-0006170379-1::课程介绍.pdf::2
110::1422002972359::19920116::048-04830210-0006170379-1::课程介绍.pdf::1::3
110::1422002973049::19920116::048-04830210-0006170379-1::课程介绍.pdf::2::3
100::1422016512124::19920116::048-04830210-0006170379-1::课程介绍.pdf::1::1280::Mozilla/5.0 (Macintosh; Intel Mac OS X 10_10_1) AppleWebKit/537.36 (KHTML, like Gecko) Chrome/39.0.2171.99 Safari/537.36
110::1422016512284::19920116::048-04830210-0006170379-1::课程介绍.pdf::2::3
110::1422016515132::19920116::048-04830210-0006170379-1::课程介绍.pdf::3::0
400::1422016572580::19920116::048-04830210-0006170379-1::课程介绍.pdf::3::专业课
401::1422016602011::19920116::048-04830210-0006170379-1::课程介绍.pdf::3::专业课
100::1422194086331::19920116::048-04830210-0006170379-1::OOA示例.pdf::1::1280::Mozilla/5.0 (Macintosh; Intel Mac OS X 10_10_1) AppleWebKit/537.36 (KHTML, like Gecko) Chrome/39.0.2171.99 Safari/537.36
